<?xml version="1.0" encoding="UTF-8"?>
<!-- Generated by org.testng.reporters.JUnitReportReporter -->
<testsuite skipped="0" hostname="Avi-PC" name="script.ValidLogin" tests="1" failures="0" timestamp="22 Mar 2018 12:01:21 GMT" time="70.369" errors="0">
  <testcase name="testValidLogin" time="70.369" classname="script.ValidLogin"/>
</testsuite> <!-- script.ValidLogin -->
